<?xml version="1.0" encoding="UTF-8"?>
<!-- Generated by org.testng.reporters.JUnitReportReporter -->
<testsuite skipped="0" hostname="INCNU4139Z0T" name="Academy.validateTitle" tests="1" failures="0" timestamp="09 Apr 2019 10:47:51 GMT" time="3.116" errors="0">
  <testcase name="validateTitle" time="3.116" classname="Academy.validateTitle"/>
</testsuite> <!-- Academy.validateTitle -->
