<?xml version="1.0" encoding="UTF-8"?>
<!-- Generated by org.testng.reporters.JUnitReportReporter -->
<testsuite skipped="0" hostname="INCNU4139Z0T" name="Academy.validateNavigationBar" tests="1" failures="0" timestamp="10 Apr 2019 05:23:12 GMT" time="3.077" errors="0">
  <testcase name="validateAppNavBar" time="3.077" classname="Academy.validateNavigationBar"/>
</testsuite> <!-- Academy.validateNavigationBar -->
